This file contains any messages produced by compilers while
running configure, to aid debugging if configure makes a mistake.

It was created by libticalcs2 configure 1.1.7, which was
generated by GNU Autoconf 2.68.  Invocation command line was

  $ ./configure 

## --------- ##
## Platform. ##
## --------- ##

hostname = leo-kub-port
uname -m = x86_64
uname -r = 3.5.0-17-generic
uname -s = Linux
uname -v = #28-Ubuntu SMP Tue Oct 9 19:31:23 UTC 2012

/usr/bin/uname -p = unknown
/bin/uname -X     = unknown

/bin/arch              = unknown
/usr/bin/arch -k       = unknown
/usr/convex/getsysinfo = unknown
/usr/bin/hostinfo      = unknown
/bin/machine           = unknown
/usr/bin/oslevel       = unknown
/bin/universe          = unknown

PATH: /home/leo/bin
PATH: /usr/lib/lightdm/lightdm
PATH: /usr/local/sbin
PATH: /usr/local/bin
PATH: /usr/sbin
PATH: /usr/bin
PATH: /sbin
PATH: /bin
PATH: /usr/games
PATH: /usr/local/games
PATH: /home/leo/bin/exec


## ----------- ##
## Core tests. ##
## ----------- ##

configure:2317: checking for a BSD-compatible install
configure:2385: result: /usr/bin/install -c
configure:2396: checking whether build environment is sane
configure:2446: result: yes
configure:2587: checking for a thread-safe mkdir -p
configure:2626: result: /bin/mkdir -p
configure:2639: checking for gawk
configure:2655: found /usr/bin/gawk
configure:2666: result: gawk
configure:2677: checking whether make sets $(MAKE)
configure:2699: result: yes
configure:2780: checking whether to enable maintainer-specific portions of Makefiles
configure:2789: result: no
configure:2848: checking build system type
configure:2862: result: x86_64-unknown-linux-gnu
configure:2882: checking host system type
configure:2895: result: x86_64-unknown-linux-gnu
configure:3264: checking how to print strings
configure:3291: result: printf
configure:3324: checking for style of include used by make
configure:3352: result: GNU
configure:3422: checking for gcc
configure:3438: found /usr/bin/gcc
configure:3449: result: gcc
configure:3678: checking for C compiler version
configure:3687: gcc --version >&5
gcc (Ubuntu/Linaro 4.7.2-2ubuntu1) 4.7.2
Copyright (C) 2012 Free Software Foundation, Inc.
This is free software; see the source for copying conditions.  There is NO
warranty; not even for MERCHANTABILITY or FITNESS FOR A PARTICULAR PURPOSE.

configure:3698: $? = 0
configure:3687: gcc -v >&5
Using built-in specs.
COLLECT_GCC=gcc
COLLECT_LTO_WRAPPER=/usr/lib/gcc/x86_64-linux-gnu/4.7/lto-wrapper
Target: x86_64-linux-gnu
Configured with: ../src/configure -v --with-pkgversion='Ubuntu/Linaro 4.7.2-2ubuntu1' --with-bugurl=file:///usr/share/doc/gcc-4.7/README.Bugs --enable-languages=c,c++,go,fortran,objc,obj-c++ --prefix=/usr --program-suffix=-4.7 --enable-shared --enable-linker-build-id --with-system-zlib --libexecdir=/usr/lib --without-included-gettext --enable-threads=posix --with-gxx-include-dir=/usr/include/c++/4.7 --libdir=/usr/lib --enable-nls --with-sysroot=/ --enable-clocale=gnu --enable-libstdcxx-debug --enable-libstdcxx-time=yes --enable-gnu-unique-object --enable-plugin --enable-objc-gc --disable-werror --with-arch-32=i686 --with-tune=generic --enable-checking=release --build=x86_64-linux-gnu --host=x86_64-linux-gnu --target=x86_64-linux-gnu
Thread model: posix
gcc version 4.7.2 (Ubuntu/Linaro 4.7.2-2ubuntu1) 
configure:3698: $? = 0
configure:3687: gcc -V >&5
gcc: error: unrecognized command line option '-V'
gcc: fatal error: no input files
compilation terminated.
configure:3698: $? = 4
configure:3687: gcc -qversion >&5
gcc: error: unrecognized command line option '-qversion'
gcc: fatal error: no input files
compilation terminated.
configure:3698: $? = 4
configure:3718: checking whether the C compiler works
configure:3740: gcc    conftest.c  >&5
configure:3744: $? = 0
configure:3792: result: yes
configure:3795: checking for C compiler default output file name
configure:3797: result: a.out
configure:3803: checking for suffix of executables
configure:3810: gcc -o conftest    conftest.c  >&5
configure:3814: $? = 0
configure:3836: result: 
configure:3858: checking whether we are cross compiling
configure:3866: gcc -o conftest    conftest.c  >&5
configure:3870: $? = 0
configure:3877: ./conftest
configure:3881: $? = 0
configure:3896: result: no
configure:3901: checking for suffix of object files
configure:3923: gcc -c   conftest.c >&5
configure:3927: $? = 0
configure:3948: result: o
configure:3952: checking whether we are using the GNU C compiler
configure:3971: gcc -c   conftest.c >&5
configure:3971: $? = 0
configure:3980: result: yes
configure:3989: checking whether gcc accepts -g
configure:4009: gcc -c -g  conftest.c >&5
configure:4009: $? = 0
configure:4050: result: yes
configure:4067: checking for gcc option to accept ISO C89
configure:4131: gcc  -c -g -O2  conftest.c >&5
configure:4131: $? = 0
configure:4144: result: none needed
configure:4166: checking dependency style of gcc
configure:4276: result: gcc3
configure:4291: checking for a sed that does not truncate output
configure:4355: result: /bin/sed
configure:4373: checking for grep that handles long lines and -e
configure:4431: result: /bin/grep
configure:4436: checking for egrep
configure:4498: result: /bin/grep -E
configure:4503: checking for fgrep
configure:4565: result: /bin/grep -F
configure:4600: checking for ld used by gcc
configure:4667: result: /usr/bin/ld
configure:4674: checking if the linker (/usr/bin/ld) is GNU ld
configure:4689: result: yes
configure:4701: checking for BSD- or MS-compatible name lister (nm)
configure:4750: result: /usr/bin/nm -B
configure:4880: checking the name lister (/usr/bin/nm -B) interface
configure:4887: gcc -c -g -O2  conftest.c >&5
configure:4890: /usr/bin/nm -B "conftest.o"
configure:4893: output
0000000000000000 B some_variable
configure:4900: result: BSD nm
configure:4903: checking whether ln -s works
configure:4907: result: yes
configure:4915: checking the maximum length of command line arguments
configure:5045: result: 1572864
configure:5062: checking whether the shell understands some XSI constructs
configure:5072: result: yes
configure:5076: checking whether the shell understands "+="
configure:5082: result: yes
configure:5117: checking how to convert x86_64-unknown-linux-gnu file names to x86_64-unknown-linux-gnu format
configure:5157: result: func_convert_file_noop
configure:5164: checking how to convert x86_64-unknown-linux-gnu file names to toolchain format
configure:5184: result: func_convert_file_noop
configure:5191: checking for /usr/bin/ld option to reload object files
configure:5198: result: -r
configure:5272: checking for objdump
configure:5299: result: objdump
configure:5328: checking how to recognize dependent libraries
configure:5530: result: pass_all
configure:5615: checking for dlltool
configure:5642: result: dlltool
configure:5672: checking how to associate runtime and link libraries
configure:5699: result: printf %s\n
configure:5760: checking for ar
configure:5776: found /usr/bin/ar
configure:5787: result: ar
configure:5824: checking for archiver @FILE support
configure:5841: gcc -c -g -O2  conftest.c >&5
configure:5841: $? = 0
configure:5844: ar cru libconftest.a @conftest.lst >&5
configure:5847: $? = 0
configure:5852: ar cru libconftest.a @conftest.lst >&5
ar: conftest.o: No such file or directory
configure:5855: $? = 1
configure:5867: result: @
configure:5925: checking for strip
configure:5941: found /usr/bin/strip
configure:5952: result: strip
configure:6024: checking for ranlib
configure:6040: found /usr/bin/ranlib
configure:6051: result: ranlib
configure:6153: checking command to parse /usr/bin/nm -B output from gcc object
configure:6273: gcc -c -g -O2  conftest.c >&5
configure:6276: $? = 0
configure:6280: /usr/bin/nm -B conftest.o \| sed -n -e 's/^.*[ ]\([ABCDGIRSTW][ABCDGIRSTW]*\)[ ][ ]*\([_A-Za-z][_A-Za-z0-9]*\)$/\1 \2 \2/p' | sed '/ __gnu_lto/d' \> conftest.nm
configure:6283: $? = 0
configure:6349: gcc -o conftest -g -O2   conftest.c conftstm.o >&5
configure:6352: $? = 0
configure:6390: result: ok
configure:6427: checking for sysroot
configure:6457: result: no
configure:6534: gcc -c -g -O2  conftest.c >&5
configure:6537: $? = 0
configure:6713: checking for mt
configure:6729: found /bin/mt
configure:6740: result: mt
configure:6763: checking if mt is a manifest tool
configure:6769: mt '-?'
configure:6777: result: no
configure:7419: checking how to run the C preprocessor
configure:7450: gcc -E  conftest.c
configure:7450: $? = 0
configure:7464: gcc -E  conftest.c
conftest.c:11:28: fatal error: ac_nonexistent.h: No such file or directory
compilation terminated.
configure:7464: $? = 1
configure: failed program was:
| /* confdefs.h */
| #define PACKAGE_NAME "libticalcs2"
| #define PACKAGE_TARNAME "libticalcs2"
| #define PACKAGE_VERSION "1.1.7"
| #define PACKAGE_STRING "libticalcs2 1.1.7"
| #define PACKAGE_BUGREPORT "tilp-users@lists.sourceforge.net"
| #define PACKAGE_URL ""
| #define PACKAGE "libticalcs2"
| #define VERSION "1.1.7"
| /* end confdefs.h.  */
| #include <ac_nonexistent.h>
configure:7489: result: gcc -E
configure:7509: gcc -E  conftest.c
configure:7509: $? = 0
configure:7523: gcc -E  conftest.c
conftest.c:11:28: fatal error: ac_nonexistent.h: No such file or directory
compilation terminated.
configure:7523: $? = 1
configure: failed program was:
| /* confdefs.h */
| #define PACKAGE_NAME "libticalcs2"
| #define PACKAGE_TARNAME "libticalcs2"
| #define PACKAGE_VERSION "1.1.7"
| #define PACKAGE_STRING "libticalcs2 1.1.7"
| #define PACKAGE_BUGREPORT "tilp-users@lists.sourceforge.net"
| #define PACKAGE_URL ""
| #define PACKAGE "libticalcs2"
| #define VERSION "1.1.7"
| /* end confdefs.h.  */
| #include <ac_nonexistent.h>
configure:7552: checking for ANSI C header files
configure:7572: gcc -c -g -O2  conftest.c >&5
configure:7572: $? = 0
configure:7645: gcc -o conftest -g -O2   conftest.c  >&5
configure:7645: $? = 0
configure:7645: ./conftest
configure:7645: $? = 0
configure:7656: result: yes
configure:7669: checking for sys/types.h
configure:7669: gcc -c -g -O2  conftest.c >&5
configure:7669: $? = 0
configure:7669: result: yes
configure:7669: checking for sys/stat.h
configure:7669: gcc -c -g -O2  conftest.c >&5
configure:7669: $? = 0
configure:7669: result: yes
configure:7669: checking for stdlib.h
configure:7669: gcc -c -g -O2  conftest.c >&5
configure:7669: $? = 0
configure:7669: result: yes
configure:7669: checking for string.h
configure:7669: gcc -c -g -O2  conftest.c >&5
configure:7669: $? = 0
configure:7669: result: yes
configure:7669: checking for memory.h
configure:7669: gcc -c -g -O2  conftest.c >&5
configure:7669: $? = 0
configure:7669: result: yes
configure:7669: checking for strings.h
configure:7669: gcc -c -g -O2  conftest.c >&5
configure:7669: $? = 0
configure:7669: result: yes
configure:7669: checking for inttypes.h
configure:7669: gcc -c -g -O2  conftest.c >&5
configure:7669: $? = 0
configure:7669: result: yes
configure:7669: checking for stdint.h
configure:7669: gcc -c -g -O2  conftest.c >&5
configure:7669: $? = 0
configure:7669: result: yes
configure:7669: checking for unistd.h
configure:7669: gcc -c -g -O2  conftest.c >&5
configure:7669: $? = 0
configure:7669: result: yes
configure:7683: checking for dlfcn.h
configure:7683: gcc -c -g -O2  conftest.c >&5
configure:7683: $? = 0
configure:7683: result: yes
configure:7857: checking for objdir
configure:7872: result: .libs
configure:8143: checking if gcc supports -fno-rtti -fno-exceptions
configure:8161: gcc -c -g -O2  -fno-rtti -fno-exceptions conftest.c >&5
cc1: warning: command line option '-fno-rtti' is valid for C++/ObjC++ but not for C [enabled by default]
configure:8165: $? = 0
configure:8178: result: no
configure:8505: checking for gcc option to produce PIC
configure:8512: result: -fPIC -DPIC
configure:8520: checking if gcc PIC flag -fPIC -DPIC works
configure:8538: gcc -c -g -O2  -fPIC -DPIC -DPIC conftest.c >&5
configure:8542: $? = 0
configure:8555: result: yes
configure:8584: checking if gcc static flag -static works
configure:8612: result: yes
configure:8627: checking if gcc supports -c -o file.o
configure:8648: gcc -c -g -O2  -o out/conftest2.o conftest.c >&5
configure:8652: $? = 0
configure:8674: result: yes
configure:8682: checking if gcc supports -c -o file.o
configure:8729: result: yes
configure:8762: checking whether the gcc linker (/usr/bin/ld -m elf_x86_64) supports shared libraries
configure:9919: result: yes
configure:9956: checking whether -lc should be explicitly linked in
configure:9964: gcc -c -g -O2  conftest.c >&5
configure:9967: $? = 0
configure:9982: gcc -shared  -fPIC -DPIC conftest.o  -v -Wl,-soname -Wl,conftest -o conftest 2\>\&1 \| /bin/grep  -lc  \>/dev/null 2\>\&1
configure:9985: $? = 0
configure:9999: result: no
configure:10159: checking dynamic linker characteristics
configure:10670: gcc -o conftest -g -O2   -Wl,-rpath -Wl,/foo conftest.c  >&5
configure:10670: $? = 0
configure:10904: result: GNU/Linux ld.so
configure:11011: checking how to hardcode library paths into programs
configure:11036: result: immediate
configure:11576: checking whether stripping libraries is possible
configure:11581: result: yes
configure:11616: checking if libtool supports shared libraries
configure:11618: result: yes
configure:11621: checking whether to build shared libraries
configure:11642: result: yes
configure:11645: checking whether to build static libraries
configure:11649: result: no
configure:11736: checking for gcc
configure:11763: result: gcc
configure:11992: checking for C compiler version
configure:12001: gcc --version >&5
gcc (Ubuntu/Linaro 4.7.2-2ubuntu1) 4.7.2
Copyright (C) 2012 Free Software Foundation, Inc.
This is free software; see the source for copying conditions.  There is NO
warranty; not even for MERCHANTABILITY or FITNESS FOR A PARTICULAR PURPOSE.

configure:12012: $? = 0
configure:12001: gcc -v >&5
Using built-in specs.
COLLECT_GCC=gcc
COLLECT_LTO_WRAPPER=/usr/lib/gcc/x86_64-linux-gnu/4.7/lto-wrapper
Target: x86_64-linux-gnu
Configured with: ../src/configure -v --with-pkgversion='Ubuntu/Linaro 4.7.2-2ubuntu1' --with-bugurl=file:///usr/share/doc/gcc-4.7/README.Bugs --enable-languages=c,c++,go,fortran,objc,obj-c++ --prefix=/usr --program-suffix=-4.7 --enable-shared --enable-linker-build-id --with-system-zlib --libexecdir=/usr/lib --without-included-gettext --enable-threads=posix --with-gxx-include-dir=/usr/include/c++/4.7 --libdir=/usr/lib --enable-nls --with-sysroot=/ --enable-clocale=gnu --enable-libstdcxx-debug --enable-libstdcxx-time=yes --enable-gnu-unique-object --enable-plugin --enable-objc-gc --disable-werror --with-arch-32=i686 --with-tune=generic --enable-checking=release --build=x86_64-linux-gnu --host=x86_64-linux-gnu --target=x86_64-linux-gnu
Thread model: posix
gcc version 4.7.2 (Ubuntu/Linaro 4.7.2-2ubuntu1) 
configure:12012: $? = 0
configure:12001: gcc -V >&5
gcc: error: unrecognized command line option '-V'
gcc: fatal error: no input files
compilation terminated.
configure:12012: $? = 4
configure:12001: gcc -qversion >&5
gcc: error: unrecognized command line option '-qversion'
gcc: fatal error: no input files
compilation terminated.
configure:12012: $? = 4
configure:12016: checking whether we are using the GNU C compiler
configure:12044: result: yes
configure:12053: checking whether gcc accepts -g
configure:12114: result: yes
configure:12131: checking for gcc option to accept ISO C89
configure:12208: result: none needed
configure:12230: checking dependency style of gcc
configure:12340: result: gcc3
configure:12356: checking whether make sets $(MAKE)
configure:12378: result: yes
configure:12387: checking whether ln -s works
configure:12391: result: yes
configure:12398: checking for library containing strerror
configure:12429: gcc -o conftest -g -O2   conftest.c  >&5
configure:12429: $? = 0
configure:12446: result: none required
configure:12458: checking for gawk
configure:12485: result: gawk
configure:12498: checking for tfdocgen
configure:12514: found /usr/bin/tfdocgen
configure:12526: result: yes
configure:12585: checking for windres
configure:12615: result: no
configure:12637: checking whether NLS is requested
configure:12646: result: yes
configure:12687: checking for msgfmt
configure: trying /usr/bin/msgfmt...
0 translated messages.
configure:12719: result: /usr/bin/msgfmt
configure:12728: checking for gmsgfmt
configure:12759: result: /usr/bin/msgfmt
configure:12810: checking for xgettext
configure: trying /usr/bin/xgettext...
/usr/bin/xgettext: warning: file `/dev/null' extension `' is unknown; will try C
configure:12842: result: /usr/bin/xgettext
configure:12888: checking for msgmerge
configure: trying /usr/bin/msgmerge...
configure:12919: result: /usr/bin/msgmerge
configure:12976: checking for ld used by GCC
configure:13040: result: /usr/bin/ld -m elf_x86_64
configure:13047: checking if the linker (/usr/bin/ld -m elf_x86_64) is GNU ld
configure:13060: result: yes
configure:13067: checking for shared library run path origin
configure:13080: result: done
configure:13581: checking for CFPreferencesCopyAppValue
configure:13599: gcc -o conftest -g -O2   conftest.c  -Wl,-framework -Wl,CoreFoundation >&5
conftest.c:23:42: fatal error: CoreFoundation/CFPreferences.h: No such file or directory
compilation terminated.
configure:13599: $? = 1
configure: failed program was:
| /* confdefs.h */
| #define PACKAGE_NAME "libticalcs2"
| #define PACKAGE_TARNAME "libticalcs2"
| #define PACKAGE_VERSION "1.1.7"
| #define PACKAGE_STRING "libticalcs2 1.1.7"
| #define PACKAGE_BUGREPORT "tilp-users@lists.sourceforge.net"
| #define PACKAGE_URL ""
| #define PACKAGE "libticalcs2"
| #define VERSION "1.1.7"
| #define STDC_HEADERS 1
| #define HAVE_SYS_TYPES_H 1
| #define HAVE_SYS_STAT_H 1
| #define HAVE_STDLIB_H 1
| #define HAVE_STRING_H 1
| #define HAVE_MEMORY_H 1
| #define HAVE_STRINGS_H 1
| #define HAVE_INTTYPES_H 1
| #define HAVE_STDINT_H 1
| #define HAVE_UNISTD_H 1
| #define HAVE_DLFCN_H 1
| #define LT_OBJDIR ".libs/"
| /* end confdefs.h.  */
| #include <CoreFoundation/CFPreferences.h>
| int
| main ()
| {
| CFPreferencesCopyAppValue(NULL, NULL)
|   ;
|   return 0;
| }
configure:13608: result: no
configure:13615: checking for CFLocaleCopyCurrent
configure:13633: gcc -o conftest -g -O2   conftest.c  -Wl,-framework -Wl,CoreFoundation >&5
conftest.c:23:37: fatal error: CoreFoundation/CFLocale.h: No such file or directory
compilation terminated.
configure:13633: $? = 1
configure: failed program was:
| /* confdefs.h */
| #define PACKAGE_NAME "libticalcs2"
| #define PACKAGE_TARNAME "libticalcs2"
| #define PACKAGE_VERSION "1.1.7"
| #define PACKAGE_STRING "libticalcs2 1.1.7"
| #define PACKAGE_BUGREPORT "tilp-users@lists.sourceforge.net"
| #define PACKAGE_URL ""
| #define PACKAGE "libticalcs2"
| #define VERSION "1.1.7"
| #define STDC_HEADERS 1
| #define HAVE_SYS_TYPES_H 1
| #define HAVE_SYS_STAT_H 1
| #define HAVE_STDLIB_H 1
| #define HAVE_STRING_H 1
| #define HAVE_MEMORY_H 1
| #define HAVE_STRINGS_H 1
| #define HAVE_INTTYPES_H 1
| #define HAVE_STDINT_H 1
| #define HAVE_UNISTD_H 1
| #define HAVE_DLFCN_H 1
| #define LT_OBJDIR ".libs/"
| /* end confdefs.h.  */
| #include <CoreFoundation/CFLocale.h>
| int
| main ()
| {
| CFLocaleCopyCurrent();
|   ;
|   return 0;
| }
configure:13642: result: no
configure:13691: checking for GNU gettext in libc
configure:13711: gcc -o conftest -g -O2   conftest.c  >&5
configure:13711: $? = 0
configure:13720: result: yes
configure:14466: checking whether to use NLS
configure:14468: result: yes
configure:14471: checking where the gettext function comes from
configure:14482: result: libc
configure:14595: checking for pkg-config
configure:14613: found /usr/bin/pkg-config
configure:14625: result: /usr/bin/pkg-config
configure:14650: checking pkg-config is at least version 0.9.0
configure:14653: result: yes
configure:14663: checking for GLIB
configure:14670: $PKG_CONFIG --exists --print-errors "glib-2.0 >= 2.6.0"
configure:14673: $? = 0
configure:14687: $PKG_CONFIG --exists --print-errors "glib-2.0 >= 2.6.0"
configure:14690: $? = 0
configure:14748: result: yes
configure:14757: checking for TICABLES
configure:14764: $PKG_CONFIG --exists --print-errors "ticables2 >= 1.2.0"
configure:14767: $? = 0
configure:14781: $PKG_CONFIG --exists --print-errors "ticables2 >= 1.2.0"
configure:14784: $? = 0
configure:14842: result: yes
configure:14851: checking for TICONV
configure:14858: $PKG_CONFIG --exists --print-errors "ticonv >= 1.1.0"
configure:14861: $? = 0
configure:14875: $PKG_CONFIG --exists --print-errors "ticonv >= 1.1.0"
configure:14878: $? = 0
configure:14936: result: yes
configure:14945: checking for TIFILES
configure:14952: $PKG_CONFIG --exists --print-errors "tifiles2 >= 1.1.0"
configure:14955: $? = 0
configure:14969: $PKG_CONFIG --exists --print-errors "tifiles2 >= 1.1.0"
configure:14972: $? = 0
configure:15030: result: yes
configure:15038: checking for ANSI C header files
configure:15142: result: yes
configure:15153: checking for stdlib.h
configure:15153: result: yes
configure:15153: checking for string.h
configure:15153: result: yes
configure:15153: checking time.h usability
configure:15153: gcc -c -g -O2  conftest.c >&5
configure:15153: $? = 0
configure:15153: result: yes
configure:15153: checking time.h presence
configure:15153: gcc -E  conftest.c
configure:15153: $? = 0
configure:15153: result: yes
configure:15153: checking for time.h
configure:15153: result: yes
configure:15153: checking for unistd.h
configure:15153: result: yes
configure:15165: checking whether byte ordering is bigendian
configure:15180: gcc -c -g -O2  conftest.c >&5
conftest.c:32:9: error: unknown type name 'not'
conftest.c:32:15: error: expected '=', ',', ';', 'asm' or '__attribute__' before 'universal'
conftest.c:32:15: error: unknown type name 'universal'
configure:15180: $? = 1
configure: failed program was:
| /* confdefs.h */
| #define PACKAGE_NAME "libticalcs2"
| #define PACKAGE_TARNAME "libticalcs2"
| #define PACKAGE_VERSION "1.1.7"
| #define PACKAGE_STRING "libticalcs2 1.1.7"
| #define PACKAGE_BUGREPORT "tilp-users@lists.sourceforge.net"
| #define PACKAGE_URL ""
| #define PACKAGE "libticalcs2"
| #define VERSION "1.1.7"
| #define STDC_HEADERS 1
| #define HAVE_SYS_TYPES_H 1
| #define HAVE_SYS_STAT_H 1
| #define HAVE_STDLIB_H 1
| #define HAVE_STRING_H 1
| #define HAVE_MEMORY_H 1
| #define HAVE_STRINGS_H 1
| #define HAVE_INTTYPES_H 1
| #define HAVE_STDINT_H 1
| #define HAVE_UNISTD_H 1
| #define HAVE_DLFCN_H 1
| #define LT_OBJDIR ".libs/"
| #define ENABLE_NLS 1
| #define HAVE_GETTEXT 1
| #define HAVE_DCGETTEXT 1
| #define STDC_HEADERS 1
| #define HAVE_STDLIB_H 1
| #define HAVE_STRING_H 1
| #define HAVE_TIME_H 1
| #define HAVE_UNISTD_H 1
| /* end confdefs.h.  */
| #ifndef __APPLE_CC__
| 	       not a universal capable compiler
| 	     #endif
| 	     typedef int dummy;
| 
configure:15225: gcc -c -g -O2  conftest.c >&5
configure:15225: $? = 0
configure:15243: gcc -c -g -O2  conftest.c >&5
conftest.c: In function 'main':
conftest.c:38:4: error: unknown type name 'not'
conftest.c:38:12: error: expected '=', ',', ';', 'asm' or '__attribute__' before 'endian'
configure:15243: $? = 1
configure: failed program was:
| /* confdefs.h */
| #define PACKAGE_NAME "libticalcs2"
| #define PACKAGE_TARNAME "libticalcs2"
| #define PACKAGE_VERSION "1.1.7"
| #define PACKAGE_STRING "libticalcs2 1.1.7"
| #define PACKAGE_BUGREPORT "tilp-users@lists.sourceforge.net"
| #define PACKAGE_URL ""
| #define PACKAGE "libticalcs2"
| #define VERSION "1.1.7"
| #define STDC_HEADERS 1
| #define HAVE_SYS_TYPES_H 1
| #define HAVE_SYS_STAT_H 1
| #define HAVE_STDLIB_H 1
| #define HAVE_STRING_H 1
| #define HAVE_MEMORY_H 1
| #define HAVE_STRINGS_H 1
| #define HAVE_INTTYPES_H 1
| #define HAVE_STDINT_H 1
| #define HAVE_UNISTD_H 1
| #define HAVE_DLFCN_H 1
| #define LT_OBJDIR ".libs/"
| #define ENABLE_NLS 1
| #define HAVE_GETTEXT 1
| #define HAVE_DCGETTEXT 1
| #define STDC_HEADERS 1
| #define HAVE_STDLIB_H 1
| #define HAVE_STRING_H 1
| #define HAVE_TIME_H 1
| #define HAVE_UNISTD_H 1
| /* end confdefs.h.  */
| #include <sys/types.h>
| 		#include <sys/param.h>
| 
| int
| main ()
| {
| #if BYTE_ORDER != BIG_ENDIAN
| 		 not big endian
| 		#endif
| 
|   ;
|   return 0;
| }
configure:15371: result: no
configure:15389: checking for an ANSI C-conforming const
configure:15454: gcc -c -g -O2  conftest.c >&5
configure:15454: $? = 0
configure:15461: result: yes
configure:15472: checking whether gcc needs -traditional
configure:15506: result: no
configure:15516: checking for bzero
configure:15516: gcc -o conftest -g -O2   conftest.c  >&5
conftest.c:54:6: warning: conflicting types for built-in function 'bzero' [enabled by default]
configure:15516: $? = 0
configure:15516: result: yes
configure:15516: checking for memmove
configure:15516: gcc -o conftest -g -O2   conftest.c  >&5
conftest.c:55:6: warning: conflicting types for built-in function 'memmove' [enabled by default]
configure:15516: $? = 0
configure:15516: result: yes
configure:15516: checking for memset
configure:15516: gcc -o conftest -g -O2   conftest.c  >&5
conftest.c:56:6: warning: conflicting types for built-in function 'memset' [enabled by default]
configure:15516: $? = 0
configure:15516: result: yes
configure:15516: checking for strcasecmp
configure:15516: gcc -o conftest -g -O2   conftest.c  >&5
conftest.c:57:6: warning: conflicting types for built-in function 'strcasecmp' [enabled by default]
configure:15516: $? = 0
configure:15516: result: yes
configure:15516: checking for strdup
configure:15516: gcc -o conftest -g -O2   conftest.c  >&5
conftest.c:58:6: warning: conflicting types for built-in function 'strdup' [enabled by default]
configure:15516: $? = 0
configure:15516: result: yes
configure:15592: checking whether gcc accepts -fvisibility
configure:15607: result: -fvisibility=hidden
configure:15765: creating ./config.status

## ---------------------- ##
## Running config.status. ##
## ---------------------- ##

This file was extended by libticalcs2 config.status 1.1.7, which was
generated by GNU Autoconf 2.68.  Invocation command line was

  CONFIG_FILES    = 
  CONFIG_HEADERS  = 
  CONFIG_LINKS    = 
  CONFIG_COMMANDS = 
  $ ./config.status 

on leo-kub-port

config.status:1155: creating Makefile
config.status:1155: creating build/mingw/Makefile
config.status:1155: creating docs/Makefile
config.status:1155: creating po/Makefile.in
config.status:1155: creating src/Makefile
config.status:1155: creating tests/Makefile
config.status:1155: creating ticalcs2.pc
config.status:1155: creating config.h
config.status:1336: config.h is unchanged
config.status:1384: executing depfiles commands
config.status:1384: executing libtool commands
config.status:1384: executing po-directories commands

## ---------------- ##
## Cache variables. ##
## ---------------- ##

ac_cv_build=x86_64-unknown-linux-gnu
ac_cv_c_bigendian=no
ac_cv_c_compiler_gnu=yes
ac_cv_c_const=yes
ac_cv_env_CC_set=
ac_cv_env_CC_value=
ac_cv_env_CFLAGS_set=
ac_cv_env_CFLAGS_value=
ac_cv_env_CPPFLAGS_set=
ac_cv_env_CPPFLAGS_value=
ac_cv_env_CPP_set=
ac_cv_env_CPP_value=
ac_cv_env_GLIB_CFLAGS_set=
ac_cv_env_GLIB_CFLAGS_value=
ac_cv_env_GLIB_LIBS_set=
ac_cv_env_GLIB_LIBS_value=
ac_cv_env_LDFLAGS_set=
ac_cv_env_LDFLAGS_value=
ac_cv_env_LIBS_set=
ac_cv_env_LIBS_value=
ac_cv_env_PKG_CONFIG_LIBDIR_set=
ac_cv_env_PKG_CONFIG_LIBDIR_value=
ac_cv_env_PKG_CONFIG_PATH_set=
ac_cv_env_PKG_CONFIG_PATH_value=
ac_cv_env_PKG_CONFIG_set=
ac_cv_env_PKG_CONFIG_value=
ac_cv_env_TICABLES_CFLAGS_set=
ac_cv_env_TICABLES_CFLAGS_value=
ac_cv_env_TICABLES_LIBS_set=
ac_cv_env_TICABLES_LIBS_value=
ac_cv_env_TICONV_CFLAGS_set=
ac_cv_env_TICONV_CFLAGS_value=
ac_cv_env_TICONV_LIBS_set=
ac_cv_env_TICONV_LIBS_value=
ac_cv_env_TIFILES_CFLAGS_set=
ac_cv_env_TIFILES_CFLAGS_value=
ac_cv_env_TIFILES_LIBS_set=
ac_cv_env_TIFILES_LIBS_value=
ac_cv_env_build_alias_set=
ac_cv_env_build_alias_value=
ac_cv_env_host_alias_set=
ac_cv_env_host_alias_value=
ac_cv_env_target_alias_set=
ac_cv_env_target_alias_value=
ac_cv_func_bzero=yes
ac_cv_func_memmove=yes
ac_cv_func_memset=yes
ac_cv_func_strcasecmp=yes
ac_cv_func_strdup=yes
ac_cv_header_dlfcn_h=yes
ac_cv_header_inttypes_h=yes
ac_cv_header_memory_h=yes
ac_cv_header_stdc=yes
ac_cv_header_stdint_h=yes
ac_cv_header_stdlib_h=yes
ac_cv_header_string_h=yes
ac_cv_header_strings_h=yes
ac_cv_header_sys_stat_h=yes
ac_cv_header_sys_types_h=yes
ac_cv_header_time_h=yes
ac_cv_header_unistd_h=yes
ac_cv_host=x86_64-unknown-linux-gnu
ac_cv_objext=o
ac_cv_path_EGREP='/bin/grep -E'
ac_cv_path_FGREP='/bin/grep -F'
ac_cv_path_GMSGFMT=/usr/bin/msgfmt
ac_cv_path_GREP=/bin/grep
ac_cv_path_MSGFMT=/usr/bin/msgfmt
ac_cv_path_MSGMERGE=/usr/bin/msgmerge
ac_cv_path_SED=/bin/sed
ac_cv_path_XGETTEXT=/usr/bin/xgettext
ac_cv_path_ac_pt_PKG_CONFIG=/usr/bin/pkg-config
ac_cv_path_install='/usr/bin/install -c'
ac_cv_path_mkdir=/bin/mkdir
ac_cv_prog_AWK=gawk
ac_cv_prog_CPP='gcc -E'
ac_cv_prog_TFDOCGEN=yes
ac_cv_prog_ac_ct_AR=ar
ac_cv_prog_ac_ct_CC=gcc
ac_cv_prog_ac_ct_DLLTOOL=dlltool
ac_cv_prog_ac_ct_MANIFEST_TOOL=mt
ac_cv_prog_ac_ct_OBJDUMP=objdump
ac_cv_prog_ac_ct_RANLIB=ranlib
ac_cv_prog_ac_ct_STRIP=strip
ac_cv_prog_cc_c89=
ac_cv_prog_cc_g=yes
ac_cv_prog_gcc_traditional=no
ac_cv_prog_make_make_set=yes
ac_cv_search_strerror='none required'
acl_cv_hardcode_direct=no
acl_cv_hardcode_libdir_flag_spec='${wl}-rpath ${wl}$libdir'
acl_cv_hardcode_libdir_separator=
acl_cv_hardcode_minus_L=no
acl_cv_libext=a
acl_cv_libname_spec='lib$name'
acl_cv_library_names_spec='$libname$shrext'
acl_cv_path_LD='/usr/bin/ld -m elf_x86_64'
acl_cv_prog_gnu_ld=yes
acl_cv_rpath=done
acl_cv_shlibext=so
acl_cv_wl=-Wl,
am_cv_CC_dependencies_compiler_type=gcc3
gt_cv_func_CFLocaleCopyCurrent=no
gt_cv_func_CFPreferencesCopyAppValue=no
gt_cv_func_gnugettext1_libc=yes
lt_cv_ar_at_file=@
lt_cv_archive_cmds_need_lc=no
lt_cv_deplibs_check_method=pass_all
lt_cv_file_magic_cmd='$MAGIC_CMD'
lt_cv_file_magic_test_file=
lt_cv_ld_reload_flag=-r
lt_cv_nm_interface='BSD nm'
lt_cv_objdir=.libs
lt_cv_path_LD=/usr/bin/ld
lt_cv_path_NM='/usr/bin/nm -B'
lt_cv_path_mainfest_tool=no
lt_cv_prog_compiler_c_o=yes
lt_cv_prog_compiler_pic='-fPIC -DPIC'
lt_cv_prog_compiler_pic_works=yes
lt_cv_prog_compiler_rtti_exceptions=no
lt_cv_prog_compiler_static_works=yes
lt_cv_prog_gnu_ld=yes
lt_cv_sharedlib_from_linklib_cmd='printf %s\n'
lt_cv_shlibpath_overrides_runpath=no
lt_cv_sys_global_symbol_pipe='sed -n -e '\''s/^.*[	 ]\([ABCDGIRSTW][ABCDGIRSTW]*\)[	 ][	 ]*\([_A-Za-z][_A-Za-z0-9]*\)$/\1 \2 \2/p'\'' | sed '\''/ __gnu_lto/d'\'''
lt_cv_sys_global_symbol_to_c_name_address='sed -n -e '\''s/^: \([^ ]*\)[ ]*$/  {\"\1\", (void *) 0},/p'\'' -e '\''s/^[ABCDGIRSTW]* \([^ ]*\) \([^ ]*\)$/  {"\2", (void *) \&\2},/p'\'''
lt_cv_sys_global_symbol_to_c_name_address_lib_prefix='sed -n -e '\''s/^: \([^ ]*\)[ ]*$/  {\"\1\", (void *) 0},/p'\'' -e '\''s/^[ABCDGIRSTW]* \([^ ]*\) \(lib[^ ]*\)$/  {"\2", (void *) \&\2},/p'\'' -e '\''s/^[ABCDGIRSTW]* \([^ ]*\) \([^ ]*\)$/  {"lib\2", (void *) \&\2},/p'\'''
lt_cv_sys_global_symbol_to_cdecl='sed -n -e '\''s/^T .* \(.*\)$/extern int \1();/p'\'' -e '\''s/^[ABCDGIRSTW]* .* \(.*\)$/extern char \1;/p'\'''
lt_cv_sys_max_cmd_len=1572864
lt_cv_to_host_file_cmd=func_convert_file_noop
lt_cv_to_tool_file_cmd=func_convert_file_noop
pkg_cv_GLIB_CFLAGS='-I/usr/include/glib-2.0 -I/usr/lib/x86_64-linux-gnu/glib-2.0/include  '
pkg_cv_GLIB_LIBS='-lglib-2.0  '
pkg_cv_TICABLES_CFLAGS='-I/usr/include/glib-2.0 -I/usr/lib/x86_64-linux-gnu/glib-2.0/include -I/usr/include/tilp2  '
pkg_cv_TICABLES_LIBS='-lticables2 -lglib-2.0  '
pkg_cv_TICONV_CFLAGS='-I/usr/include/glib-2.0 -I/usr/lib/x86_64-linux-gnu/glib-2.0/include -I/usr/include/tilp2  '
pkg_cv_TICONV_LIBS='-lticonv -lglib-2.0  '
pkg_cv_TIFILES_CFLAGS='-I/usr/include/glib-2.0 -I/usr/lib/x86_64-linux-gnu/glib-2.0/include -I/usr/include/tilp2  '
pkg_cv_TIFILES_LIBS='-ltifiles2 -lticonv -lglib-2.0  '

## ----------------- ##
## Output variables. ##
## ----------------- ##

ACLOCAL='${SHELL} /home/leo/Logiciels/Sciences/calculatrices/tilibs2/libticalcs2-1.1.7/missing --run aclocal-1.11'
AMDEPBACKSLASH='\'
AMDEP_FALSE='#'
AMDEP_TRUE=''
AMTAR='${SHELL} /home/leo/Logiciels/Sciences/calculatrices/tilibs2/libticalcs2-1.1.7/missing --run tar'
AR='ar'
AS='as'
AUTOCONF='${SHELL} /home/leo/Logiciels/Sciences/calculatrices/tilibs2/libticalcs2-1.1.7/missing --run autoconf'
AUTOHEADER='${SHELL} /home/leo/Logiciels/Sciences/calculatrices/tilibs2/libticalcs2-1.1.7/missing --run autoheader'
AUTOMAKE='${SHELL} /home/leo/Logiciels/Sciences/calculatrices/tilibs2/libticalcs2-1.1.7/missing --run automake-1.11'
AWK='gawk'
CC='gcc'
CCDEPMODE='depmode=gcc3'
CFLAGS='-g -O2 -D__LINUX__ -fvisibility=hidden'
CPP='gcc -E'
CPPFLAGS=''
CYGPATH_W='echo'
DEFS='-DHAVE_CONFIG_H'
DEPDIR='.deps'
DLLTOOL='dlltool'
DSYMUTIL=''
DUMPBIN=''
ECHO_C=''
ECHO_N='-n'
ECHO_T=''
EGREP='/bin/grep -E'
EXEEXT=''
FGREP='/bin/grep -F'
GETTEXT_MACRO_VERSION='0.17'
GLIB_CFLAGS='-I/usr/include/glib-2.0 -I/usr/lib/x86_64-linux-gnu/glib-2.0/include  '
GLIB_LIBS='-lglib-2.0  '
GMSGFMT='/usr/bin/msgfmt'
GMSGFMT_015='/usr/bin/msgfmt'
GREP='/bin/grep'
INSTALL_DATA='${INSTALL} -m 644'
INSTALL_PROGRAM='${INSTALL}'
INSTALL_SCRIPT='${INSTALL}'
INSTALL_STRIP_PROGRAM='$(install_sh) -c -s'
INTLLIBS=''
INTL_MACOSX_LIBS=''
LD='/usr/bin/ld -m elf_x86_64'
LDFLAGS=''
LIBICONV='-liconv'
LIBINTL=''
LIBOBJS=''
LIBS=''
LIBTOOL='$(SHELL) $(top_builddir)/libtool'
LIPO=''
LN_S='ln -s'
LTLIBICONV='-liconv'
LTLIBINTL=''
LTLIBOBJS=''
LT_LIBVERSION='10:3:0'
MAINT='#'
MAINTAINER_MODE_FALSE=''
MAINTAINER_MODE_TRUE='#'
MAKEINFO='${SHELL} /home/leo/Logiciels/Sciences/calculatrices/tilibs2/libticalcs2-1.1.7/missing --run makeinfo'
MANIFEST_TOOL=':'
MKDIR_P='/bin/mkdir -p'
MSGFMT='/usr/bin/msgfmt'
MSGFMT_015='/usr/bin/msgfmt'
MSGMERGE='/usr/bin/msgmerge'
NM='/usr/bin/nm -B'
NMEDIT=''
OBJDUMP='objdump'
OBJEXT='o'
OS_WIN32_FALSE=''
OS_WIN32_TRUE='#'
OTOOL64=''
OTOOL=''
PACKAGE='libticalcs2'
PACKAGE_BUGREPORT='tilp-users@lists.sourceforge.net'
PACKAGE_NAME='libticalcs2'
PACKAGE_STRING='libticalcs2 1.1.7'
PACKAGE_TARNAME='libticalcs2'
PACKAGE_URL=''
PACKAGE_VERSION='1.1.7'
PATH_SEPARATOR=':'
PKG_CONFIG='/usr/bin/pkg-config'
PKG_CONFIG_LIBDIR=''
PKG_CONFIG_PATH=''
POSUB='po'
RANLIB='ranlib'
RC='windres'
SED='/bin/sed'
SET_MAKE=''
SHELL='/bin/bash'
STRIP='strip'
TFDOCGEN='yes'
TICABLES_CFLAGS='-I/usr/include/glib-2.0 -I/usr/lib/x86_64-linux-gnu/glib-2.0/include -I/usr/include/tilp2  '
TICABLES_LIBS='-lticables2 -lglib-2.0  '
TICONV_CFLAGS='-I/usr/include/glib-2.0 -I/usr/lib/x86_64-linux-gnu/glib-2.0/include -I/usr/include/tilp2  '
TICONV_LIBS='-lticonv -lglib-2.0  '
TIFILES_CFLAGS='-I/usr/include/glib-2.0 -I/usr/lib/x86_64-linux-gnu/glib-2.0/include -I/usr/include/tilp2  '
TIFILES_LIBS='-ltifiles2 -lticonv -lglib-2.0  '
USE_DOCGEN_FALSE='#'
USE_DOCGEN_TRUE=''
USE_NLS='yes'
VERSION='1.1.7'
XGETTEXT='/usr/bin/xgettext'
XGETTEXT_015='/usr/bin/xgettext'
XGETTEXT_EXTRA_OPTIONS=''
ac_ct_AR='ar'
ac_ct_CC='gcc'
ac_ct_DUMPBIN=''
am__EXEEXT_FALSE=''
am__EXEEXT_TRUE='#'
am__fastdepCC_FALSE='#'
am__fastdepCC_TRUE=''
am__include='include'
am__isrc=''
am__leading_dot='.'
am__quote=''
am__tar='${AMTAR} chof - "$$tardir"'
am__untar='${AMTAR} xf -'
bindir='${exec_prefix}/bin'
build='x86_64-unknown-linux-gnu'
build_alias=''
build_cpu='x86_64'
build_os='linux-gnu'
build_vendor='unknown'
datadir='${datarootdir}'
datarootdir='${prefix}/share'
docdir='${datarootdir}/doc/${PACKAGE_TARNAME}'
dvidir='${docdir}'
exec_prefix='${prefix}'
host='x86_64-unknown-linux-gnu'
host_alias=''
host_cpu='x86_64'
host_os='linux-gnu'
host_vendor='unknown'
htmldir='${docdir}'
includedir='${prefix}/include'
infodir='${datarootdir}/info'
install_sh='${SHELL} /home/leo/Logiciels/Sciences/calculatrices/tilibs2/libticalcs2-1.1.7/install-sh'
libdir='${exec_prefix}/lib'
libexecdir='${exec_prefix}/libexec'
localedir='${datarootdir}/locale'
localstatedir='${prefix}/var'
mandir='${datarootdir}/man'
mkdir_p='/bin/mkdir -p'
oldincludedir='/usr/include'
pdfdir='${docdir}'
prefix='/usr/local'
program_transform_name='s,x,x,'
psdir='${docdir}'
sbindir='${exec_prefix}/sbin'
sharedstatedir='${prefix}/com'
sysconfdir='${prefix}/etc'
target_alias=''

## ----------- ##
## confdefs.h. ##
## ----------- ##

/* confdefs.h */
#define PACKAGE_NAME "libticalcs2"
#define PACKAGE_TARNAME "libticalcs2"
#define PACKAGE_VERSION "1.1.7"
#define PACKAGE_STRING "libticalcs2 1.1.7"
#define PACKAGE_BUGREPORT "tilp-users@lists.sourceforge.net"
#define PACKAGE_URL ""
#define PACKAGE "libticalcs2"
#define VERSION "1.1.7"
#define STDC_HEADERS 1
#define HAVE_SYS_TYPES_H 1
#define HAVE_SYS_STAT_H 1
#define HAVE_STDLIB_H 1
#define HAVE_STRING_H 1
#define HAVE_MEMORY_H 1
#define HAVE_STRINGS_H 1
#define HAVE_INTTYPES_H 1
#define HAVE_STDINT_H 1
#define HAVE_UNISTD_H 1
#define HAVE_DLFCN_H 1
#define LT_OBJDIR ".libs/"
#define ENABLE_NLS 1
#define HAVE_GETTEXT 1
#define HAVE_DCGETTEXT 1
#define STDC_HEADERS 1
#define HAVE_STDLIB_H 1
#define HAVE_STRING_H 1
#define HAVE_TIME_H 1
#define HAVE_UNISTD_H 1
#define HAVE_BZERO 1
#define HAVE_MEMMOVE 1
#define HAVE_MEMSET 1
#define HAVE_STRCASECMP 1
#define HAVE_STRDUP 1
#define HAVE_FVISIBILITY 1

configure: exit 0
